mode: set
project/features/user/services/service.go:18.45,23.2 1 1
project/features/user/services/service.go:25.56,27.16 2 1
project/features/user/services/service.go:38.2,38.18 1 1
project/features/user/services/service.go:27.16,29.49 2 0
project/features/user/services/service.go:35.3,35.30 1 0
project/features/user/services/service.go:29.49,31.4 1 0
project/features/user/services/service.go:31.9,34.4 1 0
project/features/user/services/service.go:41.82,50.16 2 1
project/features/user/services/service.go:60.2,60.69 1 1
project/features/user/services/service.go:65.2,67.24 2 1
project/features/user/services/service.go:50.16,52.49 2 1
project/features/user/services/service.go:57.3,57.42 1 1
project/features/user/services/service.go:52.49,54.4 1 1
project/features/user/services/service.go:54.9,56.4 1 0
project/features/user/services/service.go:60.69,63.3 2 1
project/features/user/services/service.go:71.72,74.16 2 0
project/features/user/services/service.go:80.2,82.16 2 0
project/features/user/services/service.go:87.2,89.16 3 0
project/features/user/services/service.go:99.2,99.17 1 0
project/features/user/services/service.go:74.16,75.59 1 0
project/features/user/services/service.go:78.3,78.53 1 0
project/features/user/services/service.go:75.59,77.4 1 0
project/features/user/services/service.go:82.16,85.3 2 0
project/features/user/services/service.go:89.16,91.50 2 0
project/features/user/services/service.go:96.3,96.38 1 0
project/features/user/services/service.go:91.50,93.4 1 0
project/features/user/services/service.go:93.9,95.4 1 0
project/features/user/services/service.go:102.71,104.13 2 1
project/features/user/services/service.go:107.2,108.16 2 1
project/features/user/services/service.go:117.2,117.17 1 1
project/features/user/services/service.go:104.13,106.3 1 0
project/features/user/services/service.go:108.16,110.49 2 1
project/features/user/services/service.go:115.3,115.38 1 1
project/features/user/services/service.go:110.49,112.4 1 1
project/features/user/services/service.go:112.9,114.4 1 1
project/features/user/services/service.go:120.92,130.16 3 0
project/features/user/services/service.go:134.2,138.16 3 0
project/features/user/services/service.go:148.2,148.17 1 0
project/features/user/services/service.go:130.16,133.3 2 0
project/features/user/services/service.go:138.16,140.49 2 0
project/features/user/services/service.go:145.3,145.38 1 0
project/features/user/services/service.go:140.49,142.4 1 0
project/features/user/services/service.go:142.9,144.4 1 0
project/features/user/services/service.go:151.70,154.13 2 0
project/features/user/services/service.go:157.2,158.16 2 0
project/features/user/services/service.go:167.2,167.18 1 0
project/features/user/services/service.go:154.13,156.3 1 0
project/features/user/services/service.go:158.16,160.49 2 0
project/features/user/services/service.go:165.3,165.38 1 0
project/features/user/services/service.go:160.49,162.4 1 0
project/features/user/services/service.go:162.9,164.4 1 0
